<?xml version="1.0" encoding="UTF-8"?>
<!-- Generated by org.testng.reporters.JUnitXMLReporter -->
<testsuite ignored="0" hostname="DELL-LATITUDE" failures="0" tests="4" name="StandByLink2 Test" time="83.72" errors="0" timestamp="2024-05-12T16:16:13 BST">
  <testcase classname="Olu1.standByLinks2" name="submitOrderr" time="28.554">
    <skipped/>
  </testcase> <!-- submitOrderr -->
  <testcase classname="Olu1.standByLinks2" name="submitOrderr" time="9.38"/>
  <testcase classname="Olu1.standByLinks2" name="submitOrderr" time="9.065"/>
  <testcase classname="Olu1.standByLinks2" name="OrderVal" time="7.348"/>
</testsuite> <!-- StandByLink2 Test -->
